<?xml version="1.0" encoding="UTF-8"?>
<robot generator="Robot 3.2.1 (Python 3.8.5 on win32)" generated="20200725 16:38:07.009" rpa="false">
<suite id="s1" name="Onemap" source="C:\development\robot-scripts\onemap\Tests\Onemap.robot">
<test id="s1-t1" name="Launch OpenMap URL and search location">
<kw name="Open Browser" library="SeleniumLibrary">
<doc>Opens a new browser instance to the optional ``url``.</doc>
<arguments>
<arg>https://www.onemap.sg/main/v2/</arg>
<arg>chrome</arg>
</arguments>
<msg timestamp="20200725 16:38:07.290" level="INFO">Opening browser 'chrome' to base url 'https://www.onemap.sg/main/v2/'.</msg>
<status status="PASS" starttime="20200725 16:38:07.290" endtime="20200725 16:38:21.403"></status>
</kw>
<kw name="Sleep" library="BuiltIn">
<doc>Pauses the test executed for the given time.</doc>
<arguments>
<arg>3s</arg>
</arguments>
<msg timestamp="20200725 16:38:24.409" level="INFO">Slept 3 seconds</msg>
<status status="PASS" starttime="20200725 16:38:21.404" endtime="20200725 16:38:24.409"></status>
</kw>
<kw name="Maximize Browser Window" library="SeleniumLibrary">
<doc>Maximizes current browser window.</doc>
<status status="PASS" starttime="20200725 16:38:24.409" endtime="20200725 16:38:26.635"></status>
</kw>
<kw name="Wait Until Page Contains" library="SeleniumLibrary">
<doc>Waits until ``text`` appears on the current page.</doc>
<arguments>
<arg>OneMap</arg>
</arguments>
<status status="PASS" starttime="20200725 16:38:26.635" endtime="20200725 16:38:26.732"></status>
</kw>
<kw name="Title Should Be" library="SeleniumLibrary">
<doc>Verifies that the current page title equals ``title``.</doc>
<arguments>
<arg>OneMap</arg>
</arguments>
<msg timestamp="20200725 16:38:26.749" level="INFO">Page title is 'OneMap'.</msg>
<status status="PASS" starttime="20200725 16:38:26.733" endtime="20200725 16:38:26.754"></status>
</kw>
<kw name="Page Should Contain Element" library="SeleniumLibrary">
<doc>Verifies that element ``locator`` is found on the current page.</doc>
<arguments>
<arg>id:my-text</arg>
</arguments>
<msg timestamp="20200725 16:38:26.773" level="INFO">Current page contains element 'id:my-text'.</msg>
<status status="PASS" starttime="20200725 16:38:26.755" endtime="20200725 16:38:26.773"></status>
</kw>
<kw name="Click Element" library="SeleniumLibrary">
<doc>Click the element identified by ``locator``.</doc>
<arguments>
<arg>id:my-text</arg>
</arguments>
<msg timestamp="20200725 16:38:26.774" level="INFO">Clicking element 'id:my-text'.</msg>
<status status="PASS" starttime="20200725 16:38:26.774" endtime="20200725 16:38:26.873"></status>
</kw>
<kw name="Page Should Contain Element" library="SeleniumLibrary">
<doc>Verifies that element ``locator`` is found on the current page.</doc>
<arguments>
<arg>id:search-text</arg>
</arguments>
<msg timestamp="20200725 16:38:26.890" level="INFO">Current page contains element 'id:search-text'.</msg>
<status status="PASS" starttime="20200725 16:38:26.874" endtime="20200725 16:38:26.890"></status>
</kw>
<kw name="Page Should Contain Element" library="SeleniumLibrary">
<doc>Verifies that element ``locator`` is found on the current page.</doc>
<arguments>
<arg>id:EDisplay_M</arg>
</arguments>
<msg timestamp="20200725 16:38:26.909" level="INFO">Current page contains element 'id:EDisplay_M'.</msg>
<status status="PASS" starttime="20200725 16:38:26.890" endtime="20200725 16:38:26.909"></status>
</kw>
<kw name="Input Text" library="SeleniumLibrary">
<doc>Types the given ``text`` into the text field identified by ``locator``.</doc>
<arguments>
<arg>id=search-text</arg>
<arg>689674</arg>
</arguments>
<msg timestamp="20200725 16:38:26.911" level="INFO">Typing text '689674' into text field 'id=search-text'.</msg>
<status status="PASS" starttime="20200725 16:38:26.910" endtime="20200725 16:38:27.192"></status>
</kw>
<doc>This is test</doc>
<status status="PASS" starttime="20200725 16:38:07.290" endtime="20200725 16:38:27.193" critical="yes"></status>
</test>
<doc>This is to automate onemap website</doc>
<status status="PASS" starttime="20200725 16:38:07.024" endtime="20200725 16:38:27.248"></status>
</suite>
<statistics>
<total>
<stat pass="1" fail="0">Critical Tests</stat>
<stat pass="1" fail="0">All Tests</stat>
</total>
<tag>
</tag>
<suite>
<stat pass="1" fail="0" id="s1" name="Onemap">Onemap</stat>
</suite>
</statistics>
<errors>
</errors>
</robot>
