<?xml version="1.0" encoding="UTF-8"?>
<robot generator="Robot 3.2.1 (Python 3.8.5 on win32)" generated="20200730 23:54:22.630" rpa="false">
<suite id="s1" name="Onemap" source="C:\development\robot-scripts\onemap\tests\Onemap.robot">
<test id="s1-t1" name="Launch OpenMap URL and verify page elements.">
<doc>Test case 1 : Navigate to Application and Verify the landing page.</doc>
<status status="FAIL" starttime="20200730 23:54:22.990" endtime="20200730 23:54:22.990" critical="yes">Test case contains no keywords.</status>
</test>
<test id="s1-t2" name="Verify search feature.">
<kw name="Begin Web test" library="Common" type="setup">
<kw name="Open Browser" library="SeleniumLibrary">
<doc>Opens a new browser instance to the optional ``url``.</doc>
<arguments>
<arg>about:blank</arg>
<arg>${BROWSER}</arg>
</arguments>
<msg timestamp="20200730 23:54:22.990" level="INFO">Opening browser 'chrome' to base url 'about:blank'.</msg>
<status status="PASS" starttime="20200730 23:54:22.990" endtime="20200730 23:54:28.451"></status>
</kw>
<kw name="Maximize Browser Window" library="SeleniumLibrary">
<doc>Maximizes current browser window.</doc>
<status status="PASS" starttime="20200730 23:54:28.451" endtime="20200730 23:54:30.597"></status>
</kw>
<status status="PASS" starttime="20200730 23:54:22.990" endtime="20200730 23:54:30.598"></status>
</kw>
<kw name="Navigate to Application" library="OnemapApp">
<kw name="Load" library="Carousel">
<kw name="Go To" library="SeleniumLibrary">
<doc>Navigates the current browser window to the provided ``url``.</doc>
<arguments>
<arg>${URL}</arg>
</arguments>
<msg timestamp="20200730 23:54:30.605" level="INFO">Opening url 'https://www.onemap.sg/main/v2/'</msg>
<status status="PASS" starttime="20200730 23:54:30.604" endtime="20200730 23:54:40.584"></status>
</kw>
<kw name="Sleep" library="BuiltIn">
<doc>Pauses the test executed for the given time.</doc>
<arguments>
<arg>3s</arg>
</arguments>
<msg timestamp="20200730 23:54:43.595" level="INFO">Slept 3 seconds</msg>
<status status="PASS" starttime="20200730 23:54:40.584" endtime="20200730 23:54:43.595"></status>
</kw>
<status status="PASS" starttime="20200730 23:54:30.604" endtime="20200730 23:54:43.595"></status>
</kw>
<kw name="Verify Page Loaded" library="Carousel">
<kw name="Wait Until Page Contains" library="SeleniumLibrary">
<doc>Waits until ``text`` appears on the current page.</doc>
<arguments>
<arg>OneMap</arg>
</arguments>
<status status="PASS" starttime="20200730 23:54:43.595" endtime="20200730 23:54:43.657"></status>
</kw>
<kw name="Title Should Be" library="SeleniumLibrary">
<doc>Verifies that the current page title equals ``title``.</doc>
<arguments>
<arg>OneMap</arg>
</arguments>
<msg timestamp="20200730 23:54:43.673" level="INFO">Page title is 'OneMap'.</msg>
<status status="PASS" starttime="20200730 23:54:43.657" endtime="20200730 23:54:43.673"></status>
</kw>
<status status="PASS" starttime="20200730 23:54:43.595" endtime="20200730 23:54:43.673"></status>
</kw>
<status status="PASS" starttime="20200730 23:54:30.603" endtime="20200730 23:54:43.673"></status>
</kw>
<kw name="Close the Carousel" library="OnemapApp">
<kw name="Close the Carousel" library="Carousel">
<kw name="Page Should Contain Element" library="SeleniumLibrary">
<doc>Verifies that element ``locator`` is found on the current page.</doc>
<arguments>
<arg>id:my-text</arg>
</arguments>
<msg timestamp="20200730 23:54:43.704" level="INFO">Current page contains element 'id:my-text'.</msg>
<status status="PASS" starttime="20200730 23:54:43.673" endtime="20200730 23:54:43.704"></status>
</kw>
<kw name="Click Element" library="SeleniumLibrary">
<doc>Click the element identified by ``locator``.</doc>
<arguments>
<arg>id:my-text</arg>
</arguments>
<msg timestamp="20200730 23:54:43.704" level="INFO">Clicking element 'id:my-text'.</msg>
<status status="PASS" starttime="20200730 23:54:43.704" endtime="20200730 23:54:43.811"></status>
</kw>
<kw name="Sleep" library="BuiltIn">
<doc>Pauses the test executed for the given time.</doc>
<arguments>
<arg>3s</arg>
</arguments>
<msg timestamp="20200730 23:54:46.823" level="INFO">Slept 3 seconds</msg>
<status status="PASS" starttime="20200730 23:54:43.811" endtime="20200730 23:54:46.823"></status>
</kw>
<status status="PASS" starttime="20200730 23:54:43.673" endtime="20200730 23:54:46.823"></status>
</kw>
<status status="PASS" starttime="20200730 23:54:43.673" endtime="20200730 23:54:46.823"></status>
</kw>
<kw name="Verify Search functionality with Address" library="OnemapApp">
<kw name="Search with Address" library="Search">
<kw name="Input Text" library="SeleniumLibrary">
<doc>Types the given ``text`` into the text field identified by ``locator``.</doc>
<arguments>
<arg>id:search-text</arg>
<arg>${Address}</arg>
</arguments>
<msg timestamp="20200730 23:54:46.823" level="INFO">Typing text '73 choa chu kang loop' into text field 'id:search-text'.</msg>
<status status="PASS" starttime="20200730 23:54:46.823" endtime="20200730 23:54:47.314"></status>
</kw>
<kw name="Sleep" library="BuiltIn">
<doc>Pauses the test executed for the given time.</doc>
<arguments>
<arg>3s</arg>
</arguments>
<msg timestamp="20200730 23:54:50.320" level="INFO">Slept 3 seconds</msg>
<status status="PASS" starttime="20200730 23:54:47.314" endtime="20200730 23:54:50.320"></status>
</kw>
<kw name="Click Element" library="SeleniumLibrary">
<doc>Click the element identified by ``locator``.</doc>
<arguments>
<arg>id:searchResult0</arg>
</arguments>
<msg timestamp="20200730 23:54:50.320" level="INFO">Clicking element 'id:searchResult0'.</msg>
<status status="PASS" starttime="20200730 23:54:50.320" endtime="20200730 23:54:50.656"></status>
</kw>
<status status="PASS" starttime="20200730 23:54:46.823" endtime="20200730 23:54:50.656"></status>
</kw>
<kw name="Verify Search result with Address" library="Search">
<kw name="Page Should Contain Element" library="SeleniumLibrary">
<doc>Verifies that element ``locator`` is found on the current page.</doc>
<arguments>
<arg>xpath://*[@id="road_name"]</arg>
</arguments>
<msg timestamp="20200730 23:54:50.781" level="INFO">Current page contains element 'xpath://*[@id="road_name"]'.</msg>
<status status="PASS" starttime="20200730 23:54:50.672" endtime="20200730 23:54:50.781"></status>
</kw>
<kw name="Element Should Contain" library="SeleniumLibrary">
<doc>Verifies that element ``locator`` contains text ``expected``.</doc>
<arguments>
<arg>xpath://*[@id="road_name"]</arg>
<arg>${Address}</arg>
<arg>None</arg>
<arg>True</arg>
</arguments>
<msg timestamp="20200730 23:54:50.828" level="INFO">Element 'xpath://*[@id="road_name"]' contains text '73 choa chu kang loop'.</msg>
<status status="PASS" starttime="20200730 23:54:50.781" endtime="20200730 23:54:50.828"></status>
</kw>
<kw name="Sleep" library="BuiltIn">
<doc>Pauses the test executed for the given time.</doc>
<arguments>
<arg>5s</arg>
</arguments>
<msg timestamp="20200730 23:54:55.839" level="INFO">Slept 5 seconds</msg>
<status status="PASS" starttime="20200730 23:54:50.828" endtime="20200730 23:54:55.839"></status>
</kw>
<status status="PASS" starttime="20200730 23:54:50.656" endtime="20200730 23:54:55.839"></status>
</kw>
<kw name="Verify Search result on map with Address" library="Search">
<kw name="Page Should Contain Element" library="SeleniumLibrary">
<doc>Verifies that element ``locator`` is found on the current page.</doc>
<arguments>
<arg>id:start_marker</arg>
</arguments>
<msg timestamp="20200730 23:54:55.886" level="INFO">Current page contains element 'id:start_marker'.</msg>
<status status="PASS" starttime="20200730 23:54:55.839" endtime="20200730 23:54:55.886"></status>
</kw>
<kw name="Element Should Contain" library="SeleniumLibrary">
<doc>Verifies that element ``locator`` contains text ``expected``.</doc>
<arguments>
<arg>id:start_marker</arg>
<arg>${Address}</arg>
<arg>None</arg>
<arg>True</arg>
</arguments>
<msg timestamp="20200730 23:54:55.918" level="INFO">Element 'id:start_marker' contains text '73 choa chu kang loop'.</msg>
<status status="PASS" starttime="20200730 23:54:55.886" endtime="20200730 23:54:55.933"></status>
</kw>
<status status="PASS" starttime="20200730 23:54:55.839" endtime="20200730 23:54:55.933"></status>
</kw>
<status status="PASS" starttime="20200730 23:54:46.823" endtime="20200730 23:54:55.933"></status>
</kw>
<kw name="Verify Search functionality with Pincode" library="OnemapApp">
<kw name="Search with Pincode" library="Search">
<kw name="Clear Element Text" library="SeleniumLibrary">
<doc>Clears the value of the text-input-element identified by ``locator``.</doc>
<arguments>
<arg>id:search-text</arg>
</arguments>
<status status="PASS" starttime="20200730 23:54:55.933" endtime="20200730 23:54:55.987"></status>
</kw>
<kw name="Input Text" library="SeleniumLibrary">
<doc>Types the given ``text`` into the text field identified by ``locator``.</doc>
<arguments>
<arg>id:search-text</arg>
<arg>${Pincode}</arg>
</arguments>
<msg timestamp="20200730 23:54:55.990" level="INFO">Typing text '689674" "' into text field 'id:search-text'.</msg>
<status status="PASS" starttime="20200730 23:54:55.988" endtime="20200730 23:54:56.238"></status>
</kw>
<kw name="Sleep" library="BuiltIn">
<doc>Pauses the test executed for the given time.</doc>
<arguments>
<arg>3s</arg>
</arguments>
<msg timestamp="20200730 23:54:59.253" level="INFO">Slept 3 seconds</msg>
<status status="PASS" starttime="20200730 23:54:56.238" endtime="20200730 23:54:59.253"></status>
</kw>
<kw name="Click Element" library="SeleniumLibrary">
<doc>Click the element identified by ``locator``.</doc>
<arguments>
<arg>id:searchResult0</arg>
</arguments>
<msg timestamp="20200730 23:54:59.253" level="INFO">Clicking element 'id:searchResult0'.</msg>
<kw name="Capture Page Screenshot" library="SeleniumLibrary">
<doc>Takes a screenshot of the current page and embeds it into a log file.</doc>
<msg timestamp="20200730 23:54:59.823" level="INFO" html="yes">&lt;/td&gt;&lt;/tr&gt;&lt;tr&gt;&lt;td colspan="3"&gt;&lt;a href="selenium-screenshot-5.png"&gt;&lt;img src="selenium-screenshot-5.png" width="800px"&gt;&lt;/a&gt;</msg>
<status status="PASS" starttime="20200730 23:54:59.269" endtime="20200730 23:54:59.823"></status>
</kw>
<msg timestamp="20200730 23:54:59.963" level="FAIL">Element with locator 'id:searchResult0' not found.</msg>
<status status="FAIL" starttime="20200730 23:54:59.253" endtime="20200730 23:54:59.963"></status>
</kw>
<status status="FAIL" starttime="20200730 23:54:55.933" endtime="20200730 23:54:59.964"></status>
</kw>
<status status="FAIL" starttime="20200730 23:54:55.933" endtime="20200730 23:54:59.964"></status>
</kw>
<kw name="End Web Test" library="Common" type="teardown">
<kw name="Close Browser" library="SeleniumLibrary">
<doc>Closes the current browser.</doc>
<status status="PASS" starttime="20200730 23:54:59.966" endtime="20200730 23:55:02.648"></status>
</kw>
<status status="PASS" starttime="20200730 23:54:59.965" endtime="20200730 23:55:02.648"></status>
</kw>
<doc>Test case 2 : Verify 'Search &amp; Explore' feature using Search by Pincode| Search by Address.</doc>
<status status="FAIL" starttime="20200730 23:54:22.990" endtime="20200730 23:55:02.648" critical="yes">Element with locator 'id:searchResult0' not found.</status>
</test>
<doc>This is some basic info about whole suit</doc>
<status status="FAIL" starttime="20200730 23:54:22.646" endtime="20200730 23:55:02.679"></status>
</suite>
<statistics>
<total>
<stat pass="0" fail="2">Critical Tests</stat>
<stat pass="0" fail="2">All Tests</stat>
</total>
<tag>
</tag>
<suite>
<stat pass="0" fail="2" id="s1" name="Onemap">Onemap</stat>
</suite>
</statistics>
<errors>
</errors>
</robot>
